\BOOKMARK [1][-]{section.1}{图论}{}% 1
\BOOKMARK [2][-]{subsection.1.1}{最短路算法}{section.1}% 2
\BOOKMARK [3][-]{subsubsection.1.1.1}{Dijkstra最短路}{subsection.1.1}% 3
\BOOKMARK [3][-]{subsubsection.1.1.2}{spfa最短路}{subsection.1.1}% 4
\BOOKMARK [3][-]{subsubsection.1.1.3}{k最短路（无环）}{subsection.1.1}% 5
\BOOKMARK [3][-]{subsubsection.1.1.4}{k最短路}{subsection.1.1}% 6
\BOOKMARK [2][-]{subsection.1.2}{生成树}{section.1}% 7
\BOOKMARK [2][-]{subsection.1.3}{网络流}{section.1}% 8
\BOOKMARK [2][-]{subsection.1.4}{匹配}{section.1}% 9
\BOOKMARK [2][-]{subsection.1.5}{图}{section.1}% 10
\BOOKMARK [1][-]{section.2}{数据结构}{}% 11
\BOOKMARK [1][-]{section.3}{字符串算法}{}% 12
\BOOKMARK [1][-]{section.4}{计算几何}{}% 13
\BOOKMARK [2][-]{subsection.4.1}{基础}{section.4}% 14
\BOOKMARK [2][-]{subsection.4.2}{凸包}{section.4}% 15
\BOOKMARK [2][-]{subsection.4.3}{平面}{section.4}% 16
\BOOKMARK [2][-]{subsection.4.4}{多边形和圆}{section.4}% 17
\BOOKMARK [2][-]{subsection.4.5}{其他}{section.4}% 18
\BOOKMARK [1][-]{section.5}{理论}{}% 19
\BOOKMARK [2][-]{subsection.5.1}{数学}{section.5}% 20
\BOOKMARK [2][-]{subsection.5.2}{数论}{section.5}% 21
\BOOKMARK [2][-]{subsection.5.3}{博弈论}{section.5}% 22
\BOOKMARK [2][-]{subsection.5.4}{特殊数列}{section.5}% 23
\BOOKMARK [1][-]{section.6}{其他}{}% 24
